<?xml version="1.0" encoding="UTF-8"?>
<!-- Generated by org.testng.reporters.JUnitReportReporter -->
<testsuite skipped="0" hostname="ADMINISTRATOR" name="Guru99.TestGuru" tests="3" failures="0" timestamp="02 Aug 2018 16:03:08 GMT" time="55.147" errors="0">
  <testcase name="test_New_Customer_Can_Be_Created" time="17.667" classname="Guru99.TestGuru"/>
  <testcase name="test_New_Account_Can_Be_Created_Based_On_New_Customer" time="17.690" classname="Guru99.TestGuru"/>
  <testcase name="test_Deposit_Work_Fine_With_New_Account" time="19.790" classname="Guru99.TestGuru"/>
</testsuite> <!-- Guru99.TestGuru -->
